[debug] [2025-12-28T19:20:59.422Z] ----------------------------------------------------------------------
[debug] [2025-12-28T19:20:59.428Z] Command:       C:\Program Files\nodejs\node.exe C:\Users\Saura\AppData\Roaming\npm\node_modules\firebase-tools\lib\bin\firebase.js deploy --only functions:scheduledUnifiedAutoPost
[debug] [2025-12-28T19:20:59.428Z] CLI Version:   14.19.1
[debug] [2025-12-28T19:20:59.429Z] Platform:      win32
[debug] [2025-12-28T19:20:59.429Z] Node Version:  v22.12.0
[debug] [2025-12-28T19:20:59.429Z] Time:          Mon Dec 29 2025 00:50:59 GMT+0530 (India Standard Time)
[debug] [2025-12-28T19:20:59.430Z] ----------------------------------------------------------------------
[debug] 
[debug] [2025-12-28T19:20:59.795Z] > command requires scopes: ["email","openid","https://www.googleapis.com/auth/cloudplatformprojects.readonly","https://www.googleapis.com/auth/firebase","https://www.googleapis.com/auth/cloud-platform"]
[debug] [2025-12-28T19:20:59.795Z] > authorizing via signed-in user (saurabhjadhav.webstudio@gmail.com)
[debug] [2025-12-28T19:20:59.796Z] [iam] checking project env-uat-cd3c5 for permissions ["cloudfunctions.functions.create","cloudfunctions.functions.delete","cloudfunctions.functions.get","cloudfunctions.functions.list","cloudfunctions.functions.update","cloudfunctions.operations.get","firebase.projects.get"]
[debug] [2025-12-28T19:20:59.798Z] Checked if tokens are valid: false, expires at: 1766940448276
[debug] [2025-12-28T19:20:59.798Z] Checked if tokens are valid: false, expires at: 1766940448276
[debug] [2025-12-28T19:20:59.799Z] > refreshing access token with scopes: []
[debug] [2025-12-28T19:20:59.802Z] >>> [apiv2][query] POST https://www.googleapis.com/oauth2/v3/token [none]
[debug] [2025-12-28T19:20:59.802Z] >>> [apiv2][body] POST https://www.googleapis.com/oauth2/v3/token [omitted]
[debug] [2025-12-28T19:21:00.068Z] <<< [apiv2][status] POST https://www.googleapis.com/oauth2/v3/token 200
[debug] [2025-12-28T19:21:00.068Z] <<< [apiv2][body] POST https://www.googleapis.com/oauth2/v3/token [omitted]
[debug] [2025-12-28T19:21:00.081Z] >>> [apiv2][query] POST https://cloudresourcemanager.googleapis.com/v1/projects/env-uat-cd3c5:testIamPermissions [none]
[debug] [2025-12-28T19:21:00.081Z] >>> [apiv2][(partial)header] POST https://cloudresourcemanager.googleapis.com/v1/projects/env-uat-cd3c5:testIamPermissions x-goog-quota-user=projects/env-uat-cd3c5
[debug] [2025-12-28T19:21:00.082Z] >>> [apiv2][body] POST https://cloudresourcemanager.googleapis.com/v1/projects/env-uat-cd3c5:testIamPermissions {"permissions":["cloudfunctions.functions.create","cloudfunctions.functions.delete","cloudfunctions.functions.get","cloudfunctions.functions.list","cloudfunctions.functions.update","cloudfunctions.operations.get","firebase.projects.get"]}
[debug] [2025-12-28T19:21:01.475Z] <<< [apiv2][status] POST https://cloudresourcemanager.googleapis.com/v1/projects/env-uat-cd3c5:testIamPermissions 200
[debug] [2025-12-28T19:21:01.475Z] <<< [apiv2][body] POST https://cloudresourcemanager.googleapis.com/v1/projects/env-uat-cd3c5:testIamPermissions {"permissions":["cloudfunctions.functions.create","cloudfunctions.functions.delete","cloudfunctions.functions.get","cloudfunctions.functions.list","cloudfunctions.functions.update","cloudfunctions.operations.get","firebase.projects.get"]}
[debug] [2025-12-28T19:21:01.476Z] Checked if tokens are valid: true, expires at: 1766953259068
[debug] [2025-12-28T19:21:01.476Z] Checked if tokens are valid: true, expires at: 1766953259068
[debug] [2025-12-28T19:21:01.476Z] >>> [apiv2][query] POST https://iam.googleapis.com/v1/projects/env-uat-cd3c5/serviceAccounts/env-uat-cd3c5@appspot.gserviceaccount.com:testIamPermissions [none]
[debug] [2025-12-28T19:21:01.476Z] >>> [apiv2][body] POST https://iam.googleapis.com/v1/projects/env-uat-cd3c5/serviceAccounts/env-uat-cd3c5@appspot.gserviceaccount.com:testIamPermissions {"permissions":["iam.serviceAccounts.actAs"]}
[debug] [2025-12-28T19:21:03.148Z] <<< [apiv2][status] POST https://iam.googleapis.com/v1/projects/env-uat-cd3c5/serviceAccounts/env-uat-cd3c5@appspot.gserviceaccount.com:testIamPermissions 200
[debug] [2025-12-28T19:21:03.148Z] <<< [apiv2][body] POST https://iam.googleapis.com/v1/projects/env-uat-cd3c5/serviceAccounts/env-uat-cd3c5@appspot.gserviceaccount.com:testIamPermissions {"permissions":["iam.serviceAccounts.actAs"]}
[info] 
[info] === Deploying to 'env-uat-cd3c5'...
[info] 
[info] i  deploying functions 
[info] Running command: npm --prefix "$RESOURCE_DIR" run build
[info] +  functions: Finished running predeploy script. 
[debug] [2025-12-28T19:21:09.742Z] Checked if tokens are valid: true, expires at: 1766953259068
[debug] [2025-12-28T19:21:09.742Z] Checked if tokens are valid: true, expires at: 1766953259068
[debug] [2025-12-28T19:21:09.742Z] >>> [apiv2][query] GET https://cloudresourcemanager.googleapis.com/v1/projects/env-uat-cd3c5 [none]
[debug] [2025-12-28T19:21:11.176Z] <<< [apiv2][status] GET https://cloudresourcemanager.googleapis.com/v1/projects/env-uat-cd3c5 200
[debug] [2025-12-28T19:21:11.177Z] <<< [apiv2][body] GET https://cloudresourcemanager.googleapis.com/v1/projects/env-uat-cd3c5 {"projectNumber":"614576728087","projectId":"env-uat-cd3c5","lifecycleState":"ACTIVE","name":"ENV-UAT","labels":{"firebase":"enabled","firebase-core":"disabled"},"createTime":"2025-03-09T11:21:17.839236Z"}
[info] i  functions: preparing codebase default for deployment 
[info] i  functions: ensuring required API cloudfunctions.googleapis.com is enabled... 
[info] i  functions: ensuring required API cloudbuild.googleapis.com is enabled... 
[info] i  artifactregistry: ensuring required API artifactregistry.googleapis.com is enabled... 
[debug] [2025-12-28T19:21:11.181Z] Checked if tokens are valid: true, expires at: 1766953259068
[debug] [2025-12-28T19:21:11.181Z] Checked if tokens are valid: true, expires at: 1766953259068
[debug] [2025-12-28T19:21:11.182Z] >>> [apiv2][query] GET https://firebase.googleapis.com/v1beta1/projects/env-uat-cd3c5/adminSdkConfig [none]
[debug] [2025-12-28T19:21:12.051Z] <<< [apiv2][status] GET https://firebase.googleapis.com/v1beta1/projects/env-uat-cd3c5/adminSdkConfig 200
[debug] [2025-12-28T19:21:12.051Z] <<< [apiv2][body] GET https://firebase.googleapis.com/v1beta1/projects/env-uat-cd3c5/adminSdkConfig {"projectId":"env-uat-cd3c5","storageBucket":"env-uat-cd3c5.firebasestorage.app"}
[debug] [2025-12-28T19:21:12.052Z] Checked if tokens are valid: true, expires at: 1766953259068
[debug] [2025-12-28T19:21:12.052Z] Checked if tokens are valid: true, expires at: 1766953259068
[debug] [2025-12-28T19:21:12.052Z] >>> [apiv2][query] GET https://runtimeconfig.googleapis.com/v1beta1/projects/env-uat-cd3c5/configs [none]
[debug] [2025-12-28T19:21:13.228Z] <<< [apiv2][status] GET https://runtimeconfig.googleapis.com/v1beta1/projects/env-uat-cd3c5/configs 200
[debug] [2025-12-28T19:21:13.228Z] <<< [apiv2][body] GET https://runtimeconfig.googleapis.com/v1beta1/projects/env-uat-cd3c5/configs {}
[debug] [2025-12-28T19:21:13.230Z] Validating nodejs source
[debug] [2025-12-28T19:21:16.122Z] > [functions] package.json contents: {
  "name": "functions",
  "scripts": {
    "lint": "eslint .",
    "build": "tsc",
    "build:watch": "tsc --watch",
    "serve": "npm run build && firebase emulators:start --only functions",
    "shell": "npm run build && firebase functions:shell",
    "start": "npm run shell",
    "deploy": "firebase deploy --only functions",
    "logs": "firebase functions:log"
  },
  "engines": {
    "node": "22"
  },
  "main": "lib/index.js",
  "dependencies": {
    "firebase-admin": "^13.6.0",
    "firebase-functions": "^7.0.2"
  },
  "devDependencies": {
    "@typescript-eslint/eslint-plugin": "^5.12.0",
    "@typescript-eslint/parser": "^5.12.0",
    "eslint": "^8.9.0",
    "eslint-config-google": "^0.14.0",
    "eslint-plugin-import": "^2.25.4",
    "firebase-functions-test": "^3.1.0",
    "typescript": "^5.7.3"
  },
  "private": true
}
[debug] [2025-12-28T19:21:16.123Z] Building nodejs source
[info] i  functions: Loading and analyzing source code for codebase default to determine what to deploy 
[debug] [2025-12-28T19:21:16.125Z] Could not find functions.yaml. Must use http discovery
[debug] [2025-12-28T19:21:16.149Z] Found firebase-functions binary at 'D:\DEVSTUDIO\WEBSTUDIO\DEVELOPMENT\autogram\functions\node_modules\.bin\firebase-functions'
[info] Serving at port 8470

[error] (node:32152) [DEP0040] DeprecationWarning: The `punycode` module is deprecated. Please use a userland alternative instead.
(Use `node --trace-deprecation ...` to show where the warning was created)

[debug] [2025-12-28T19:21:18.222Z] Got response from /__/functions.yaml {"endpoints":{"scheduledUnifiedAutoPost":{"availableMemoryMb":512,"timeoutSeconds":540,"minInstances":null,"maxInstances":10,"ingressSettings":null,"concurrency":null,"serviceAccountEmail":null,"vpc":null,"platform":"gcfv2","region":["us-central1"],"labels":{},"scheduleTrigger":{"schedule":"0 * * * *","retryConfig":{},"timeZone":"Asia/Kolkata"},"entryPoint":"scheduledUnifiedAutoPost"},"triggerUnifiedAutoPost":{"availableMemoryMb":512,"timeoutSeconds":540,"minInstances":null,"maxInstances":10,"ingressSettings":null,"concurrency":null,"serviceAccountEmail":null,"vpc":null,"platform":"gcfv2","region":["us-central1"],"labels":{},"httpsTrigger":{},"entryPoint":"triggerUnifiedAutoPost"}},"specVersion":"v1alpha1","requiredAPIs":[{"api":"cloudscheduler.googleapis.com","reason":"Needed for scheduled functions."}],"extensions":{}}
[info] i  extensions: ensuring required API firebaseextensions.googleapis.com is enabled... 
[debug] [2025-12-28T19:21:22.281Z] > command requires scopes: ["email","openid","https://www.googleapis.com/auth/cloudplatformprojects.readonly","https://www.googleapis.com/auth/firebase","https://www.googleapis.com/auth/cloud-platform"]
[debug] [2025-12-28T19:21:22.281Z] > authorizing via signed-in user (saurabhjadhav.webstudio@gmail.com)
[debug] [2025-12-28T19:21:22.281Z] [iam] checking project env-uat-cd3c5 for permissions ["firebase.projects.get","firebaseextensions.instances.list"]
[debug] [2025-12-28T19:21:22.281Z] Checked if tokens are valid: true, expires at: 1766953259068
[debug] [2025-12-28T19:21:22.281Z] Checked if tokens are valid: true, expires at: 1766953259068
[debug] [2025-12-28T19:21:22.282Z] >>> [apiv2][query] POST https://cloudresourcemanager.googleapis.com/v1/projects/env-uat-cd3c5:testIamPermissions [none]
[debug] [2025-12-28T19:21:22.282Z] >>> [apiv2][(partial)header] POST https://cloudresourcemanager.googleapis.com/v1/projects/env-uat-cd3c5:testIamPermissions x-goog-quota-user=projects/env-uat-cd3c5
[debug] [2025-12-28T19:21:22.282Z] >>> [apiv2][body] POST https://cloudresourcemanager.googleapis.com/v1/projects/env-uat-cd3c5:testIamPermissions {"permissions":["firebase.projects.get","firebaseextensions.instances.list"]}
[debug] [2025-12-28T19:21:23.666Z] <<< [apiv2][status] POST https://cloudresourcemanager.googleapis.com/v1/projects/env-uat-cd3c5:testIamPermissions 200
[debug] [2025-12-28T19:21:23.666Z] <<< [apiv2][body] POST https://cloudresourcemanager.googleapis.com/v1/projects/env-uat-cd3c5:testIamPermissions {"permissions":["firebase.projects.get","firebaseextensions.instances.list"]}
[debug] [2025-12-28T19:21:23.667Z] Checked if tokens are valid: true, expires at: 1766953259068
[debug] [2025-12-28T19:21:23.667Z] Checked if tokens are valid: true, expires at: 1766953259068
[debug] [2025-12-28T19:21:23.667Z] >>> [apiv2][query] GET https://firebaseextensions.googleapis.com/v1beta/projects/env-uat-cd3c5/instances pageSize=100&pageToken=
[debug] [2025-12-28T19:21:25.289Z] <<< [apiv2][status] GET https://firebaseextensions.googleapis.com/v1beta/projects/env-uat-cd3c5/instances 200
[debug] [2025-12-28T19:21:25.290Z] <<< [apiv2][body] GET https://firebaseextensions.googleapis.com/v1beta/projects/env-uat-cd3c5/instances {}
[info] i  functions: preparing functions directory for uploading... 
[info] i  functions: packaged D:\DEVSTUDIO\WEBSTUDIO\DEVELOPMENT\autogram\functions (119.46 KB) for uploading 
[debug] [2025-12-28T19:21:25.397Z] Checked if tokens are valid: true, expires at: 1766953259068
[debug] [2025-12-28T19:21:25.397Z] Checked if tokens are valid: true, expires at: 1766953259068
[debug] [2025-12-28T19:21:25.397Z] >>> [apiv2][query] GET https://cloudfunctions.googleapis.com/v1/projects/env-uat-cd3c5/locations/-/functions [none]
[debug] [2025-12-28T19:21:26.176Z] <<< [apiv2][status] GET https://cloudfunctions.googleapis.com/v1/projects/env-uat-cd3c5/locations/-/functions 200
[debug] [2025-12-28T19:21:26.176Z] <<< [apiv2][body] GET https://cloudfunctions.googleapis.com/v1/projects/env-uat-cd3c5/locations/-/functions {}
[debug] [2025-12-28T19:21:26.177Z] Checked if tokens are valid: true, expires at: 1766953259068
[debug] [2025-12-28T19:21:26.177Z] Checked if tokens are valid: true, expires at: 1766953259068
[debug] [2025-12-28T19:21:26.177Z] >>> [apiv2][query] GET https://cloudfunctions.googleapis.com/v2/projects/env-uat-cd3c5/locations/-/functions filter=environment%3D%22GEN_2%22
[debug] [2025-12-28T19:21:27.755Z] <<< [apiv2][status] GET https://cloudfunctions.googleapis.com/v2/projects/env-uat-cd3c5/locations/-/functions 200
[debug] [2025-12-28T19:21:27.755Z] <<< [apiv2][body] GET https://cloudfunctions.googleapis.com/v2/projects/env-uat-cd3c5/locations/-/functions {"functions":[{"name":"projects/env-uat-cd3c5/locations/us-central1/functions/scheduledUnifiedAutoPost","buildConfig":{"build":"projects/614576728087/locations/us-central1/builds/4cb1a9b5-b936-4d4e-932d-2018b1944efc","runtime":"nodejs22","entryPoint":"scheduledUnifiedAutoPost","source":{"storageSource":{"bucket":"gcf-v2-sources-614576728087-us-central1","object":"scheduledUnifiedAutoPost/function-source.zip","generation":"1766938366755688"}},"environmentVariables":{"GOOGLE_NODE_RUN_SCRIPTS":""},"dockerRepository":"projects/env-uat-cd3c5/locations/us-central1/repositories/gcf-artifacts","sourceProvenance":{"resolvedStorageSource":{"bucket":"gcf-v2-sources-614576728087-us-central1","object":"scheduledUnifiedAutoPost/function-source.zip","generation":"1766938366755688"}},"dockerRegistry":"ARTIFACT_REGISTRY","serviceAccount":"projects/env-uat-cd3c5/serviceAccounts/614576728087-compute@developer.gserviceaccount.com","automaticUpdatePolicy":{}},"serviceConfig":{"service":"projects/env-uat-cd3c5/locations/us-central1/services/scheduledunifiedautopost","timeoutSeconds":540,"environmentVariables":{"FIREBASE_CONFIG":"{\"projectId\":\"env-uat-cd3c5\",\"storageBucket\":\"env-uat-cd3c5.firebasestorage.app\"}","GCLOUD_PROJECT":"env-uat-cd3c5","EVENTARC_CLOUD_EVENT_SOURCE":"projects/env-uat-cd3c5/locations/us-central1/services/scheduledUnifiedAutoPost","FUNCTION_TARGET":"scheduledUnifiedAutoPost","LOG_EXECUTION_ID":"true"},"maxInstanceCount":10,"ingressSettings":"ALLOW_ALL","uri":"https://scheduledunifiedautopost-guoxeox4eq-uc.a.run.app","serviceAccountEmail":"614576728087-compute@developer.gserviceaccount.com","availableMemory":"512Mi","allTrafficOnLatestRevision":true,"revision":"scheduledunifiedautopost-00012-zot","maxInstanceRequestConcurrency":80,"availableCpu":"1"},"state":"ACTIVE","updateTime":"2025-12-28T16:13:35.456827495Z","labels":{"deployment-tool":"cli-firebase","deployment-scheduled":"true","firebase-functions-hash":"7b04f6c9d37762361983adeee850314ae9ca498f"},"environment":"GEN_2","url":"https://us-central1-env-uat-cd3c5.cloudfunctions.net/scheduledUnifiedAutoPost","createTime":"2025-12-07T10:58:29.861080693Z","satisfiesPzi":true},{"name":"projects/env-uat-cd3c5/locations/us-central1/functions/triggerUnifiedAutoPost","buildConfig":{"build":"projects/614576728087/locations/us-central1/builds/8fbaa668-a2ed-481a-bf89-419aeebf8e46","runtime":"nodejs22","entryPoint":"triggerUnifiedAutoPost","source":{"storageSource":{"bucket":"gcf-v2-sources-614576728087-us-central1","object":"triggerUnifiedAutoPost/function-source.zip","generation":"1766936946279026"}},"environmentVariables":{"GOOGLE_NODE_RUN_SCRIPTS":""},"dockerRepository":"projects/env-uat-cd3c5/locations/us-central1/repositories/gcf-artifacts","sourceProvenance":{"resolvedStorageSource":{"bucket":"gcf-v2-sources-614576728087-us-central1","object":"triggerUnifiedAutoPost/function-source.zip","generation":"1766936946279026"}},"dockerRegistry":"ARTIFACT_REGISTRY","serviceAccount":"projects/env-uat-cd3c5/serviceAccounts/614576728087-compute@developer.gserviceaccount.com","automaticUpdatePolicy":{}},"serviceConfig":{"service":"projects/env-uat-cd3c5/locations/us-central1/services/triggerunifiedautopost","timeoutSeconds":540,"environmentVariables":{"FIREBASE_CONFIG":"{\"projectId\":\"env-uat-cd3c5\",\"storageBucket\":\"env-uat-cd3c5.firebasestorage.app\"}","GCLOUD_PROJECT":"env-uat-cd3c5","EVENTARC_CLOUD_EVENT_SOURCE":"projects/env-uat-cd3c5/locations/us-central1/services/triggerUnifiedAutoPost","FUNCTION_TARGET":"triggerUnifiedAutoPost","LOG_EXECUTION_ID":"true","FUNCTION_SIGNATURE_TYPE":"http"},"maxInstanceCount":10,"ingressSettings":"ALLOW_ALL","uri":"https://triggerunifiedautopost-guoxeox4eq-uc.a.run.app","serviceAccountEmail":"614576728087-compute@developer.gserviceaccount.com","availableMemory":"512Mi","allTrafficOnLatestRevision":true,"revision":"triggerunifiedautopost-00005-tak","maxInstanceRequestConcurrency":80,"availableCpu":"1"},"state":"ACTIVE","updateTime":"2025-12-28T15:49:16.290039530Z","labels":{"firebase-functions-hash":"563ef38ded74e5693b1479ab1f0871f1eeb316cc","deployment-tool":"cli-firebase"},"environment":"GEN_2","url":"https://us-central1-env-uat-cd3c5.cloudfunctions.net/triggerUnifiedAutoPost","createTime":"2025-12-07T12:12:13.450407670Z","satisfiesPzi":true}]}
[info] i  functions: ensuring required API cloudscheduler.googleapis.com is enabled... 
[info] i  functions: ensuring required API run.googleapis.com is enabled... 
[info] i  functions: ensuring required API eventarc.googleapis.com is enabled... 
[info] i  functions: ensuring required API pubsub.googleapis.com is enabled... 
[info] i  functions: ensuring required API storage.googleapis.com is enabled... 
[info] i  functions: generating the service identity for pubsub.googleapis.com... 
[debug] [2025-12-28T19:21:27.764Z] Checked if tokens are valid: true, expires at: 1766953259068
[debug] [2025-12-28T19:21:27.764Z] Checked if tokens are valid: true, expires at: 1766953259068
[info] i  functions: generating the service identity for eventarc.googleapis.com... 
[debug] [2025-12-28T19:21:27.764Z] Checked if tokens are valid: true, expires at: 1766953259068
[debug] [2025-12-28T19:21:27.764Z] Checked if tokens are valid: true, expires at: 1766953259068
[debug] [2025-12-28T19:21:27.765Z] >>> [apiv2][query] POST https://serviceusage.googleapis.com/v1beta1/projects/614576728087/services/pubsub.googleapis.com:generateServiceIdentity [none]
[debug] [2025-12-28T19:21:27.765Z] >>> [apiv2][(partial)header] POST https://serviceusage.googleapis.com/v1beta1/projects/614576728087/services/pubsub.googleapis.com:generateServiceIdentity x-goog-quota-user=projects/614576728087
[debug] [2025-12-28T19:21:27.765Z] >>> [apiv2][body] POST https://serviceusage.googleapis.com/v1beta1/projects/614576728087/services/pubsub.googleapis.com:generateServiceIdentity {}
[debug] [2025-12-28T19:21:27.767Z] >>> [apiv2][query] POST https://serviceusage.googleapis.com/v1beta1/projects/614576728087/services/eventarc.googleapis.com:generateServiceIdentity [none]
[debug] [2025-12-28T19:21:27.767Z] >>> [apiv2][(partial)header] POST https://serviceusage.googleapis.com/v1beta1/projects/614576728087/services/eventarc.googleapis.com:generateServiceIdentity x-goog-quota-user=projects/614576728087
[debug] [2025-12-28T19:21:27.767Z] >>> [apiv2][body] POST https://serviceusage.googleapis.com/v1beta1/projects/614576728087/services/eventarc.googleapis.com:generateServiceIdentity {}
[debug] [2025-12-28T19:21:29.586Z] <<< [apiv2][status] POST https://serviceusage.googleapis.com/v1beta1/projects/614576728087/services/pubsub.googleapis.com:generateServiceIdentity 200
[debug] [2025-12-28T19:21:29.587Z] <<< [apiv2][body] POST https://serviceusage.googleapis.com/v1beta1/projects/614576728087/services/pubsub.googleapis.com:generateServiceIdentity {"name":"operations/finished.DONE_OPERATION","done":true,"response":{"@type":"type.googleapis.com/google.api.serviceusage.v1beta1.ServiceIdentity","email":"service-614576728087@gcp-sa-pubsub.iam.gserviceaccount.com","uniqueId":"105800111735680087462"}}
[debug] [2025-12-28T19:21:29.587Z] <<< [apiv2][status] POST https://serviceusage.googleapis.com/v1beta1/projects/614576728087/services/eventarc.googleapis.com:generateServiceIdentity 200
[debug] [2025-12-28T19:21:29.587Z] <<< [apiv2][body] POST https://serviceusage.googleapis.com/v1beta1/projects/614576728087/services/eventarc.googleapis.com:generateServiceIdentity {"name":"operations/finished.DONE_OPERATION","done":true,"response":{"@type":"type.googleapis.com/google.api.serviceusage.v1beta1.ServiceIdentity","email":"service-614576728087@gcp-sa-eventarc.iam.gserviceaccount.com","uniqueId":"111630679156658671576"}}
[debug] [2025-12-28T19:21:29.590Z] Checked if tokens are valid: true, expires at: 1766953259068
[debug] [2025-12-28T19:21:29.590Z] Checked if tokens are valid: true, expires at: 1766953259068
[debug] [2025-12-28T19:21:29.591Z] >>> [apiv2][query] GET https://cloudresourcemanager.googleapis.com/v1/projects/env-uat-cd3c5 [none]
[debug] [2025-12-28T19:21:31.002Z] <<< [apiv2][status] GET https://cloudresourcemanager.googleapis.com/v1/projects/env-uat-cd3c5 200
[debug] [2025-12-28T19:21:31.002Z] <<< [apiv2][body] GET https://cloudresourcemanager.googleapis.com/v1/projects/env-uat-cd3c5 {"projectNumber":"614576728087","projectId":"env-uat-cd3c5","lifecycleState":"ACTIVE","name":"ENV-UAT","labels":{"firebase":"enabled","firebase-core":"disabled"},"createTime":"2025-03-09T11:21:17.839236Z"}
[debug] [2025-12-28T19:21:31.003Z] Checked if tokens are valid: true, expires at: 1766953259068
[debug] [2025-12-28T19:21:31.003Z] Checked if tokens are valid: true, expires at: 1766953259068
[debug] [2025-12-28T19:21:31.003Z] >>> [apiv2][query] GET https://compute.googleapis.com/compute/v1/projects/614576728087 [none]
[debug] [2025-12-28T19:21:31.368Z] <<< [apiv2][status] GET https://compute.googleapis.com/compute/v1/projects/614576728087 403
[debug] [2025-12-28T19:21:31.369Z] <<< [apiv2][body] GET https://compute.googleapis.com/compute/v1/projects/614576728087 {"error":{"code":403,"message":"Compute Engine API has not been used in project 614576728087 before or it is disabled. Enable it by visiting https://console.developers.google.com/apis/api/compute.googleapis.com/overview?project=614576728087 then retry. If you enabled this API recently, wait a few minutes for the action to propagate to our systems and retry.","errors":[{"message":"Compute Engine API has not been used in project 614576728087 before or it is disabled. Enable it by visiting https://console.developers.google.com/apis/api/compute.googleapis.com/overview?project=614576728087 then retry. If you enabled this API recently, wait a few minutes for the action to propagate to our systems and retry.","domain":"usageLimits","reason":"accessNotConfigured","extendedHelp":"https://console.developers.google.com"}],"status":"PERMISSION_DENIED","details":[{"@type":"type.googleapis.com/google.rpc.ErrorInfo","reason":"SERVICE_DISABLED","domain":"googleapis.com","metadata":{"consumer":"projects/614576728087","activationUrl":"https://console.developers.google.com/apis/api/compute.googleapis.com/overview?project=614576728087","service":"compute.googleapis.com","serviceTitle":"Compute Engine API","containerInfo":"614576728087"}},{"@type":"type.googleapis.com/google.rpc.LocalizedMessage","locale":"en-US","message":"Compute Engine API has not been used in project 614576728087 before or it is disabled. Enable it by visiting https://console.developers.google.com/apis/api/compute.googleapis.com/overview?project=614576728087 then retry. If you enabled this API recently, wait a few minutes for the action to propagate to our systems and retry."},{"@type":"type.googleapis.com/google.rpc.Help","links":[{"description":"Google developers console API activation","url":"https://console.developers.google.com/apis/api/compute.googleapis.com/overview?project=614576728087"}]}]}}
[debug] [2025-12-28T19:21:31.369Z] unable to look up default compute service account. Falling back to 614576728087-compute@developer.gserviceaccount.com. Error: {"name":"FirebaseError","children":[],"context":{"body":{"error":{"code":403,"message":"Compute Engine API has not been used in project 614576728087 before or it is disabled. Enable it by visiting https://console.developers.google.com/apis/api/compute.googleapis.com/overview?project=614576728087 then retry. If you enabled this API recently, wait a few minutes for the action to propagate to our systems and retry.","errors":[{"message":"Compute Engine API has not been used in project 614576728087 before or it is disabled. Enable it by visiting https://console.developers.google.com/apis/api/compute.googleapis.com/overview?project=614576728087 then retry. If you enabled this API recently, wait a few minutes for the action to propagate to our systems and retry.","domain":"usageLimits","reason":"accessNotConfigured","extendedHelp":"https://console.developers.google.com"}],"status":"PERMISSION_DENIED","details":[{"@type":"type.googleapis.com/google.rpc.ErrorInfo","reason":"SERVICE_DISABLED","domain":"googleapis.com","metadata":{"consumer":"projects/614576728087","activationUrl":"https://console.developers.google.com/apis/api/compute.googleapis.com/overview?project=614576728087","service":"compute.googleapis.com","serviceTitle":"Compute Engine API","containerInfo":"614576728087"}},{"@type":"type.googleapis.com/google.rpc.LocalizedMessage","locale":"en-US","message":"Compute Engine API has not been used in project 614576728087 before or it is disabled. Enable it by visiting https://console.developers.google.com/apis/api/compute.googleapis.com/overview?project=614576728087 then retry. If you enabled this API recently, wait a few minutes for the action to propagate to our systems and retry."},{"@type":"type.googleapis.com/google.rpc.Help","links":[{"description":"Google developers console API activation","url":"https://console.developers.google.com/apis/api/compute.googleapis.com/overview?project=614576728087"}]}]}},"response":{"statusCode":403}},"exit":1,"message":"Request to https://compute.googleapis.com/compute/v1/projects/614576728087 had HTTP Error: 403, Compute Engine API has not been used in project 614576728087 before or it is disabled. Enable it by visiting https://console.developers.google.com/apis/api/compute.googleapis.com/overview?project=614576728087 then retry. If you enabled this API recently, wait a few minutes for the action to propagate to our systems and retry.","status":403}
[debug] [2025-12-28T19:21:31.371Z] Checked if tokens are valid: true, expires at: 1766953259068
[debug] [2025-12-28T19:21:31.371Z] Checked if tokens are valid: true, expires at: 1766953259068
[debug] [2025-12-28T19:21:31.371Z] >>> [apiv2][query] GET https://cloudbilling.googleapis.com/v1/projects/env-uat-cd3c5/billingInfo [none]
[debug] [2025-12-28T19:21:32.753Z] <<< [apiv2][status] GET https://cloudbilling.googleapis.com/v1/projects/env-uat-cd3c5/billingInfo 200
[debug] [2025-12-28T19:21:32.753Z] <<< [apiv2][body] GET https://cloudbilling.googleapis.com/v1/projects/env-uat-cd3c5/billingInfo {"name":"projects/env-uat-cd3c5/billingInfo","projectId":"env-uat-cd3c5","billingAccountName":"billingAccounts/019B46-207D91-5248E8","billingEnabled":true}
[debug] [2025-12-28T19:21:32.755Z] Checked if tokens are valid: true, expires at: 1766953259068
[debug] [2025-12-28T19:21:32.756Z] Checked if tokens are valid: true, expires at: 1766953259068
[debug] [2025-12-28T19:21:32.756Z] >>> [apiv2][query] POST https://cloudfunctions.googleapis.com/v2/projects/env-uat-cd3c5/locations/us-central1/functions:generateUploadUrl [none]
[debug] [2025-12-28T19:21:34.129Z] <<< [apiv2][status] POST https://cloudfunctions.googleapis.com/v2/projects/env-uat-cd3c5/locations/us-central1/functions:generateUploadUrl 200
[debug] [2025-12-28T19:21:34.129Z] <<< [apiv2][body] POST https://cloudfunctions.googleapis.com/v2/projects/env-uat-cd3c5/locations/us-central1/functions:generateUploadUrl {"uploadUrl":"https://storage.googleapis.com/gcf-v2-uploads-614576728087.us-central1.cloudfunctions.appspot.com/f6d28a64-85cb-4ee3-854d-cf2648814416.zip?GoogleAccessId=service-614576728087@gcf-admin-robot.iam.gserviceaccount.com&Expires=1766951493&Signature=q1Z9%2FlDVEBFgbYXqP7i1EUgMdUiWcmOlaDr%2BpTyGsi%2FXwBKHTDC0SjG4ZffVPszu%2FvyneYO9JawzPC0hVbtLptpM1dnFrhuZD7d%2BhtL4LEzLsm45biNF3wsqt6%2FZBwEg47Wm2FGhrVsiYdJQz7hT3deY%2BbRh7cR%2BAiy89JvG9Hvz6PD%2Bi5mCqFSRgUxNYUvWLcQyodmOtizvPClPePOhfizmMPMK9GHKIg7AJITsATHAJ04IVncKWoRhzYClTX7i89Av1%2BSuGmbKpfKK%2BNoUdimLeER2QzqgIrErJR%2FXm%2FaQtOMoIs%2FXgvbgHTkhCO9Kv56a9ByI%2FU89uKecWdhEOg%3D%3D","storageSource":{"bucket":"gcf-v2-uploads-614576728087.us-central1.cloudfunctions.appspot.com","object":"f6d28a64-85cb-4ee3-854d-cf2648814416.zip"}}
[debug] [2025-12-28T19:21:34.130Z] >>> [apiv2][query] PUT https://storage.googleapis.com/gcf-v2-uploads-614576728087.us-central1.cloudfunctions.appspot.com/f6d28a64-85cb-4ee3-854d-cf2648814416.zip GoogleAccessId=service-614576728087%40gcf-admin-robot.iam.gserviceaccount.com&Expires=1766951493&Signature=q1Z9%2FlDVEBFgbYXqP7i1EUgMdUiWcmOlaDr%2BpTyGsi%2FXwBKHTDC0SjG4ZffVPszu%2FvyneYO9JawzPC0hVbtLptpM1dnFrhuZD7d%2BhtL4LEzLsm45biNF3wsqt6%2FZBwEg47Wm2FGhrVsiYdJQz7hT3deY%2BbRh7cR%2BAiy89JvG9Hvz6PD%2Bi5mCqFSRgUxNYUvWLcQyodmOtizvPClPePOhfizmMPMK9GHKIg7AJITsATHAJ04IVncKWoRhzYClTX7i89Av1%2BSuGmbKpfKK%2BNoUdimLeER2QzqgIrErJR%2FXm%2FaQtOMoIs%2FXgvbgHTkhCO9Kv56a9ByI%2FU89uKecWdhEOg%3D%3D
[debug] [2025-12-28T19:21:34.130Z] >>> [apiv2][body] PUT https://storage.googleapis.com/gcf-v2-uploads-614576728087.us-central1.cloudfunctions.appspot.com/f6d28a64-85cb-4ee3-854d-cf2648814416.zip [stream]
[debug] [2025-12-28T19:21:36.578Z] <<< [apiv2][status] PUT https://storage.googleapis.com/gcf-v2-uploads-614576728087.us-central1.cloudfunctions.appspot.com/f6d28a64-85cb-4ee3-854d-cf2648814416.zip 200
[debug] [2025-12-28T19:21:36.578Z] <<< [apiv2][body] PUT https://storage.googleapis.com/gcf-v2-uploads-614576728087.us-central1.cloudfunctions.appspot.com/f6d28a64-85cb-4ee3-854d-cf2648814416.zip [omitted]
[info] +  functions: functions source uploaded successfully 
[info] i  functions: updating Node.js 22 (2nd Gen) function scheduledUnifiedAutoPost(us-central1)... 
[debug] [2025-12-28T19:21:36.586Z] Checked if tokens are valid: true, expires at: 1766953259068
[debug] [2025-12-28T19:21:36.586Z] Checked if tokens are valid: true, expires at: 1766953259068
[debug] [2025-12-28T19:21:36.586Z] >>> [apiv2][query] PATCH https://cloudfunctions.googleapis.com/v2/projects/env-uat-cd3c5/locations/us-central1/functions/scheduledUnifiedAutoPost updateMask=name%2CbuildConfig.runtime%2CbuildConfig.entryPoint%2CbuildConfig.source.storageSource.bucket%2CbuildConfig.source.storageSource.object%2CbuildConfig.environmentVariables%2CbuildConfig.sourceToken%2CserviceConfig.environmentVariables%2CserviceConfig.ingressSettings%2CserviceConfig.timeoutSeconds%2CserviceConfig.serviceAccountEmail%2CserviceConfig.availableMemory%2CserviceConfig.minInstanceCount%2CserviceConfig.maxInstanceCount%2CserviceConfig.maxInstanceRequestConcurrency%2CserviceConfig.availableCpu%2CserviceConfig.vpcConnector%2CserviceConfig.vpcConnectorEgressSettings%2Clabels
[debug] [2025-12-28T19:21:36.586Z] >>> [apiv2][body] PATCH https://cloudfunctions.googleapis.com/v2/projects/env-uat-cd3c5/locations/us-central1/functions/scheduledUnifiedAutoPost {"name":"projects/env-uat-cd3c5/locations/us-central1/functions/scheduledUnifiedAutoPost","buildConfig":{"runtime":"nodejs22","entryPoint":"scheduledUnifiedAutoPost","source":{"storageSource":{"bucket":"gcf-v2-uploads-614576728087.us-central1.cloudfunctions.appspot.com","object":"f6d28a64-85cb-4ee3-854d-cf2648814416.zip"}},"environmentVariables":{"GOOGLE_NODE_RUN_SCRIPTS":""}},"serviceConfig":{"environmentVariables":{"FIREBASE_CONFIG":"{\"projectId\":\"env-uat-cd3c5\",\"storageBucket\":\"env-uat-cd3c5.firebasestorage.app\"}","GCLOUD_PROJECT":"env-uat-cd3c5","EVENTARC_CLOUD_EVENT_SOURCE":"projects/env-uat-cd3c5/locations/us-central1/services/scheduledUnifiedAutoPost","FUNCTION_TARGET":"scheduledUnifiedAutoPost","LOG_EXECUTION_ID":"true"},"ingressSettings":null,"timeoutSeconds":540,"serviceAccountEmail":null,"availableMemory":"512Mi","minInstanceCount":null,"maxInstanceCount":10,"maxInstanceRequestConcurrency":80,"availableCpu":"1","vpcConnector":null,"vpcConnectorEgressSettings":null},"labels":{"deployment-tool":"cli-firebase","deployment-scheduled":"true","firebase-functions-hash":"a715cc245fabb3e408877b47efeeff7689504cde"}}
[debug] [2025-12-28T19:21:38.573Z] <<< [apiv2][status] PATCH https://cloudfunctions.googleapis.com/v2/projects/env-uat-cd3c5/locations/us-central1/functions/scheduledUnifiedAutoPost 200
[debug] [2025-12-28T19:21:38.573Z] <<< [apiv2][body] PATCH https://cloudfunctions.googleapis.com/v2/projects/env-uat-cd3c5/locations/us-central1/functions/scheduledUnifiedAutoPost {"name":"projects/env-uat-cd3c5/locations/us-central1/operations/operation-1766949696926-6470809057444-988b7b4b-d4e8d798","metadata":{"@type":"type.googleapis.com/google.cloud.functions.v2.OperationMetadata","createTime":"2025-12-28T19:21:37.616048987Z","target":"projects/env-uat-cd3c5/locations/us-central1/functions/scheduledUnifiedAutoPost","verb":"update","cancelRequested":false,"apiVersion":"v2"},"done":false}
[debug] [2025-12-28T19:21:38.574Z] Checked if tokens are valid: true, expires at: 1766953259068
[debug] [2025-12-28T19:21:38.574Z] Checked if tokens are valid: true, expires at: 1766953259068
[debug] [2025-12-28T19:21:38.574Z] >>> [apiv2][query] GET https://cloudfunctions.googleapis.com/v2/projects/env-uat-cd3c5/locations/us-central1/operations/operation-1766949696926-6470809057444-988b7b4b-d4e8d798 [none]
[debug] [2025-12-28T19:21:39.859Z] <<< [apiv2][status] GET https://cloudfunctions.googleapis.com/v2/projects/env-uat-cd3c5/locations/us-central1/operations/operation-1766949696926-6470809057444-988b7b4b-d4e8d798 200
[debug] [2025-12-28T19:21:39.859Z] <<< [apiv2][body] GET https://cloudfunctions.googleapis.com/v2/projects/env-uat-cd3c5/locations/us-central1/operations/operation-1766949696926-6470809057444-988b7b4b-d4e8d798 {"name":"projects/env-uat-cd3c5/locations/us-central1/operations/operation-1766949696926-6470809057444-988b7b4b-d4e8d798","metadata":{"@type":"type.googleapis.com/google.cloud.functions.v2.OperationMetadata","createTime":"2025-12-28T19:21:37.616048987Z","target":"projects/env-uat-cd3c5/locations/us-central1/functions/scheduledUnifiedAutoPost","verb":"update","cancelRequested":false,"apiVersion":"v2","requestResource":{"@type":"type.googleapis.com/google.cloud.functions.v2.Function","name":"projects/env-uat-cd3c5/locations/us-central1/functions/scheduledUnifiedAutoPost","buildConfig":{"runtime":"nodejs22","entryPoint":"scheduledUnifiedAutoPost","source":{"storageSource":{"bucket":"gcf-v2-sources-614576728087-us-central1","object":"scheduledUnifiedAutoPost/function-source.zip","generation":"1766949697553687"}},"environmentVariables":{"GOOGLE_NODE_RUN_SCRIPTS":""},"dockerRepository":"projects/env-uat-cd3c5/locations/us-central1/repositories/gcf-artifacts","sourceProvenance":{"resolvedStorageSource":{"bucket":"gcf-v2-sources-614576728087-us-central1","object":"scheduledUnifiedAutoPost/function-source.zip","generation":"1766938366755688"}},"dockerRegistry":"ARTIFACT_REGISTRY","serviceAccount":"projects/env-uat-cd3c5/serviceAccounts/614576728087-compute@developer.gserviceaccount.com","automaticUpdatePolicy":{}},"serviceConfig":{"service":"projects/env-uat-cd3c5/locations/us-central1/services/scheduledunifiedautopost","timeoutSeconds":540,"environmentVariables":{"FIREBASE_CONFIG":"{\"projectId\":\"env-uat-cd3c5\",\"storageBucket\":\"env-uat-cd3c5.firebasestorage.app\"}","GCLOUD_PROJECT":"env-uat-cd3c5","EVENTARC_CLOUD_EVENT_SOURCE":"projects/env-uat-cd3c5/locations/us-central1/services/scheduledUnifiedAutoPost","FUNCTION_TARGET":"scheduledUnifiedAutoPost","LOG_EXECUTION_ID":"true"},"maxInstanceCount":10,"ingressSettings":"ALLOW_ALL","uri":"https://scheduledunifiedautopost-guoxeox4eq-uc.a.run.app","serviceAccountEmail":"614576728087-compute@developer.gserviceaccount.com","availableMemory":"512Mi","allTrafficOnLatestRevision":true,"revision":"scheduledunifiedautopost-00012-zot","maxInstanceRequestConcurrency":80,"availableCpu":"1"},"state":"ACTIVE","labels":{"deployment-tool":"cli-firebase","deployment-scheduled":"true","firebase-functions-hash":"a715cc245fabb3e408877b47efeeff7689504cde"},"environment":"GEN_2","url":"https://us-central1-env-uat-cd3c5.cloudfunctions.net/scheduledUnifiedAutoPost","satisfiesPzi":true},"stages":[{"name":"BUILD","message":"Build in progress","state":"IN_PROGRESS","resource":"projects/614576728087/locations/us-central1/builds/2e1786d5-e308-4905-9688-849da2865fdd","resourceUri":"https://console.cloud.google.com/cloud-build/builds;region=us-central1/2e1786d5-e308-4905-9688-849da2865fdd?project=614576728087"},{"name":"SERVICE","state":"NOT_STARTED"}],"operationType":"UPDATE_FUNCTION","buildName":"projects/614576728087/locations/us-central1/builds/2e1786d5-e308-4905-9688-849da2865fdd"},"done":false}
[debug] [2025-12-28T19:21:40.360Z] [update-default-us-central1-scheduledUnifiedAutoPost] Retrying task index 0
[debug] [2025-12-28T19:21:40.361Z] Checked if tokens are valid: true, expires at: 1766953259068
[debug] [2025-12-28T19:21:40.361Z] Checked if tokens are valid: true, expires at: 1766953259068
[debug] [2025-12-28T19:21:40.361Z] >>> [apiv2][query] GET https://cloudfunctions.googleapis.com/v2/projects/env-uat-cd3c5/locations/us-central1/operations/operation-1766949696926-6470809057444-988b7b4b-d4e8d798 [none]
[debug] [2025-12-28T19:21:41.645Z] <<< [apiv2][status] GET https://cloudfunctions.googleapis.com/v2/projects/env-uat-cd3c5/locations/us-central1/operations/operation-1766949696926-6470809057444-988b7b4b-d4e8d798 200
[debug] [2025-12-28T19:21:41.645Z] <<< [apiv2][body] GET https://cloudfunctions.googleapis.com/v2/projects/env-uat-cd3c5/locations/us-central1/operations/operation-1766949696926-6470809057444-988b7b4b-d4e8d798 {"name":"projects/env-uat-cd3c5/locations/us-central1/operations/operation-1766949696926-6470809057444-988b7b4b-d4e8d798","metadata":{"@type":"type.googleapis.com/google.cloud.functions.v2.OperationMetadata","createTime":"2025-12-28T19:21:37.616048987Z","target":"projects/env-uat-cd3c5/locations/us-central1/functions/scheduledUnifiedAutoPost","verb":"update","cancelRequested":false,"apiVersion":"v2","requestResource":{"@type":"type.googleapis.com/google.cloud.functions.v2.Function","name":"projects/env-uat-cd3c5/locations/us-central1/functions/scheduledUnifiedAutoPost","buildConfig":{"runtime":"nodejs22","entryPoint":"scheduledUnifiedAutoPost","source":{"storageSource":{"bucket":"gcf-v2-sources-614576728087-us-central1","object":"scheduledUnifiedAutoPost/function-source.zip","generation":"1766949697553687"}},"environmentVariables":{"GOOGLE_NODE_RUN_SCRIPTS":""},"dockerRepository":"projects/env-uat-cd3c5/locations/us-central1/repositories/gcf-artifacts","sourceProvenance":{"resolvedStorageSource":{"bucket":"gcf-v2-sources-614576728087-us-central1","object":"scheduledUnifiedAutoPost/function-source.zip","generation":"1766938366755688"}},"dockerRegistry":"ARTIFACT_REGISTRY","serviceAccount":"projects/env-uat-cd3c5/serviceAccounts/614576728087-compute@developer.gserviceaccount.com","automaticUpdatePolicy":{}},"serviceConfig":{"service":"projects/env-uat-cd3c5/locations/us-central1/services/scheduledunifiedautopost","timeoutSeconds":540,"environmentVariables":{"FIREBASE_CONFIG":"{\"projectId\":\"env-uat-cd3c5\",\"storageBucket\":\"env-uat-cd3c5.firebasestorage.app\"}","GCLOUD_PROJECT":"env-uat-cd3c5","EVENTARC_CLOUD_EVENT_SOURCE":"projects/env-uat-cd3c5/locations/us-central1/services/scheduledUnifiedAutoPost","FUNCTION_TARGET":"scheduledUnifiedAutoPost","LOG_EXECUTION_ID":"true"},"maxInstanceCount":10,"ingressSettings":"ALLOW_ALL","uri":"https://scheduledunifiedautopost-guoxeox4eq-uc.a.run.app","serviceAccountEmail":"614576728087-compute@developer.gserviceaccount.com","availableMemory":"512Mi","allTrafficOnLatestRevision":true,"revision":"scheduledunifiedautopost-00012-zot","maxInstanceRequestConcurrency":80,"availableCpu":"1"},"state":"ACTIVE","labels":{"deployment-tool":"cli-firebase","deployment-scheduled":"true","firebase-functions-hash":"a715cc245fabb3e408877b47efeeff7689504cde"},"environment":"GEN_2","url":"https://us-central1-env-uat-cd3c5.cloudfunctions.net/scheduledUnifiedAutoPost","satisfiesPzi":true},"stages":[{"name":"BUILD","message":"Build in progress","state":"IN_PROGRESS","resource":"projects/614576728087/locations/us-central1/builds/2e1786d5-e308-4905-9688-849da2865fdd","resourceUri":"https://console.cloud.google.com/cloud-build/builds;region=us-central1/2e1786d5-e308-4905-9688-849da2865fdd?project=614576728087"},{"name":"SERVICE","state":"NOT_STARTED"}],"operationType":"UPDATE_FUNCTION","buildName":"projects/614576728087/locations/us-central1/builds/2e1786d5-e308-4905-9688-849da2865fdd"},"done":false}
[debug] [2025-12-28T19:21:42.660Z] [update-default-us-central1-scheduledUnifiedAutoPost] Retrying task index 0
[debug] [2025-12-28T19:21:42.661Z] Checked if tokens are valid: true, expires at: 1766953259068
[debug] [2025-12-28T19:21:42.661Z] Checked if tokens are valid: true, expires at: 1766953259068
[debug] [2025-12-28T19:21:42.661Z] >>> [apiv2][query] GET https://cloudfunctions.googleapis.com/v2/projects/env-uat-cd3c5/locations/us-central1/operations/operation-1766949696926-6470809057444-988b7b4b-d4e8d798 [none]
[debug] [2025-12-28T19:21:43.894Z] <<< [apiv2][status] GET https://cloudfunctions.googleapis.com/v2/projects/env-uat-cd3c5/locations/us-central1/operations/operation-1766949696926-6470809057444-988b7b4b-d4e8d798 200
[debug] [2025-12-28T19:21:43.895Z] <<< [apiv2][body] GET https://cloudfunctions.googleapis.com/v2/projects/env-uat-cd3c5/locations/us-central1/operations/operation-1766949696926-6470809057444-988b7b4b-d4e8d798 {"name":"projects/env-uat-cd3c5/locations/us-central1/operations/operation-1766949696926-6470809057444-988b7b4b-d4e8d798","metadata":{"@type":"type.googleapis.com/google.cloud.functions.v2.OperationMetadata","createTime":"2025-12-28T19:21:37.616048987Z","target":"projects/env-uat-cd3c5/locations/us-central1/functions/scheduledUnifiedAutoPost","verb":"update","cancelRequested":false,"apiVersion":"v2","requestResource":{"@type":"type.googleapis.com/google.cloud.functions.v2.Function","name":"projects/env-uat-cd3c5/locations/us-central1/functions/scheduledUnifiedAutoPost","buildConfig":{"runtime":"nodejs22","entryPoint":"scheduledUnifiedAutoPost","source":{"storageSource":{"bucket":"gcf-v2-sources-614576728087-us-central1","object":"scheduledUnifiedAutoPost/function-source.zip","generation":"1766949697553687"}},"environmentVariables":{"GOOGLE_NODE_RUN_SCRIPTS":""},"dockerRepository":"projects/env-uat-cd3c5/locations/us-central1/repositories/gcf-artifacts","sourceProvenance":{"resolvedStorageSource":{"bucket":"gcf-v2-sources-614576728087-us-central1","object":"scheduledUnifiedAutoPost/function-source.zip","generation":"1766938366755688"}},"dockerRegistry":"ARTIFACT_REGISTRY","serviceAccount":"projects/env-uat-cd3c5/serviceAccounts/614576728087-compute@developer.gserviceaccount.com","automaticUpdatePolicy":{}},"serviceConfig":{"service":"projects/env-uat-cd3c5/locations/us-central1/services/scheduledunifiedautopost","timeoutSeconds":540,"environmentVariables":{"FIREBASE_CONFIG":"{\"projectId\":\"env-uat-cd3c5\",\"storageBucket\":\"env-uat-cd3c5.firebasestorage.app\"}","GCLOUD_PROJECT":"env-uat-cd3c5","EVENTARC_CLOUD_EVENT_SOURCE":"projects/env-uat-cd3c5/locations/us-central1/services/scheduledUnifiedAutoPost","FUNCTION_TARGET":"scheduledUnifiedAutoPost","LOG_EXECUTION_ID":"true"},"maxInstanceCount":10,"ingressSettings":"ALLOW_ALL","uri":"https://scheduledunifiedautopost-guoxeox4eq-uc.a.run.app","serviceAccountEmail":"614576728087-compute@developer.gserviceaccount.com","availableMemory":"512Mi","allTrafficOnLatestRevision":true,"revision":"scheduledunifiedautopost-00012-zot","maxInstanceRequestConcurrency":80,"availableCpu":"1"},"state":"ACTIVE","labels":{"deployment-tool":"cli-firebase","deployment-scheduled":"true","firebase-functions-hash":"a715cc245fabb3e408877b47efeeff7689504cde"},"environment":"GEN_2","url":"https://us-central1-env-uat-cd3c5.cloudfunctions.net/scheduledUnifiedAutoPost","satisfiesPzi":true},"stages":[{"name":"BUILD","message":"Build in progress","state":"IN_PROGRESS","resource":"projects/614576728087/locations/us-central1/builds/2e1786d5-e308-4905-9688-849da2865fdd","resourceUri":"https://console.cloud.google.com/cloud-build/builds;region=us-central1/2e1786d5-e308-4905-9688-849da2865fdd?project=614576728087"},{"name":"SERVICE","state":"NOT_STARTED"}],"operationType":"UPDATE_FUNCTION","buildName":"projects/614576728087/locations/us-central1/builds/2e1786d5-e308-4905-9688-849da2865fdd"},"done":false}
[debug] [2025-12-28T19:21:45.896Z] [update-default-us-central1-scheduledUnifiedAutoPost] Retrying task index 0
[debug] [2025-12-28T19:21:45.896Z] Checked if tokens are valid: true, expires at: 1766953259068
[debug] [2025-12-28T19:21:45.896Z] Checked if tokens are valid: true, expires at: 1766953259068
[debug] [2025-12-28T19:21:45.897Z] >>> [apiv2][query] GET https://cloudfunctions.googleapis.com/v2/projects/env-uat-cd3c5/locations/us-central1/operations/operation-1766949696926-6470809057444-988b7b4b-d4e8d798 [none]
[debug] [2025-12-28T19:21:47.184Z] <<< [apiv2][status] GET https://cloudfunctions.googleapis.com/v2/projects/env-uat-cd3c5/locations/us-central1/operations/operation-1766949696926-6470809057444-988b7b4b-d4e8d798 200
[debug] [2025-12-28T19:21:47.185Z] <<< [apiv2][body] GET https://cloudfunctions.googleapis.com/v2/projects/env-uat-cd3c5/locations/us-central1/operations/operation-1766949696926-6470809057444-988b7b4b-d4e8d798 {"name":"projects/env-uat-cd3c5/locations/us-central1/operations/operation-1766949696926-6470809057444-988b7b4b-d4e8d798","metadata":{"@type":"type.googleapis.com/google.cloud.functions.v2.OperationMetadata","createTime":"2025-12-28T19:21:37.616048987Z","target":"projects/env-uat-cd3c5/locations/us-central1/functions/scheduledUnifiedAutoPost","verb":"update","cancelRequested":false,"apiVersion":"v2","requestResource":{"@type":"type.googleapis.com/google.cloud.functions.v2.Function","name":"projects/env-uat-cd3c5/locations/us-central1/functions/scheduledUnifiedAutoPost","buildConfig":{"runtime":"nodejs22","entryPoint":"scheduledUnifiedAutoPost","source":{"storageSource":{"bucket":"gcf-v2-sources-614576728087-us-central1","object":"scheduledUnifiedAutoPost/function-source.zip","generation":"1766949697553687"}},"environmentVariables":{"GOOGLE_NODE_RUN_SCRIPTS":""},"dockerRepository":"projects/env-uat-cd3c5/locations/us-central1/repositories/gcf-artifacts","sourceProvenance":{"resolvedStorageSource":{"bucket":"gcf-v2-sources-614576728087-us-central1","object":"scheduledUnifiedAutoPost/function-source.zip","generation":"1766938366755688"}},"dockerRegistry":"ARTIFACT_REGISTRY","serviceAccount":"projects/env-uat-cd3c5/serviceAccounts/614576728087-compute@developer.gserviceaccount.com","automaticUpdatePolicy":{}},"serviceConfig":{"service":"projects/env-uat-cd3c5/locations/us-central1/services/scheduledunifiedautopost","timeoutSeconds":540,"environmentVariables":{"FIREBASE_CONFIG":"{\"projectId\":\"env-uat-cd3c5\",\"storageBucket\":\"env-uat-cd3c5.firebasestorage.app\"}","GCLOUD_PROJECT":"env-uat-cd3c5","EVENTARC_CLOUD_EVENT_SOURCE":"projects/env-uat-cd3c5/locations/us-central1/services/scheduledUnifiedAutoPost","FUNCTION_TARGET":"scheduledUnifiedAutoPost","LOG_EXECUTION_ID":"true"},"maxInstanceCount":10,"ingressSettings":"ALLOW_ALL","uri":"https://scheduledunifiedautopost-guoxeox4eq-uc.a.run.app","serviceAccountEmail":"614576728087-compute@developer.gserviceaccount.com","availableMemory":"512Mi","allTrafficOnLatestRevision":true,"revision":"scheduledunifiedautopost-00012-zot","maxInstanceRequestConcurrency":80,"availableCpu":"1"},"state":"ACTIVE","labels":{"deployment-tool":"cli-firebase","deployment-scheduled":"true","firebase-functions-hash":"a715cc245fabb3e408877b47efeeff7689504cde"},"environment":"GEN_2","url":"https://us-central1-env-uat-cd3c5.cloudfunctions.net/scheduledUnifiedAutoPost","satisfiesPzi":true},"stages":[{"name":"BUILD","message":"Build in progress","state":"IN_PROGRESS","resource":"projects/614576728087/locations/us-central1/builds/2e1786d5-e308-4905-9688-849da2865fdd","resourceUri":"https://console.cloud.google.com/cloud-build/builds;region=us-central1/2e1786d5-e308-4905-9688-849da2865fdd?project=614576728087"},{"name":"SERVICE","state":"NOT_STARTED"}],"operationType":"UPDATE_FUNCTION","buildName":"projects/614576728087/locations/us-central1/builds/2e1786d5-e308-4905-9688-849da2865fdd"},"done":false}
[debug] [2025-12-28T19:21:51.186Z] [update-default-us-central1-scheduledUnifiedAutoPost] Retrying task index 0
[debug] [2025-12-28T19:21:51.186Z] Checked if tokens are valid: true, expires at: 1766953259068
[debug] [2025-12-28T19:21:51.186Z] Checked if tokens are valid: true, expires at: 1766953259068
[debug] [2025-12-28T19:21:51.186Z] >>> [apiv2][query] GET https://cloudfunctions.googleapis.com/v2/projects/env-uat-cd3c5/locations/us-central1/operations/operation-1766949696926-6470809057444-988b7b4b-d4e8d798 [none]
[debug] [2025-12-28T19:21:52.413Z] <<< [apiv2][status] GET https://cloudfunctions.googleapis.com/v2/projects/env-uat-cd3c5/locations/us-central1/operations/operation-1766949696926-6470809057444-988b7b4b-d4e8d798 200
[debug] [2025-12-28T19:21:52.413Z] <<< [apiv2][body] GET https://cloudfunctions.googleapis.com/v2/projects/env-uat-cd3c5/locations/us-central1/operations/operation-1766949696926-6470809057444-988b7b4b-d4e8d798 {"name":"projects/env-uat-cd3c5/locations/us-central1/operations/operation-1766949696926-6470809057444-988b7b4b-d4e8d798","metadata":{"@type":"type.googleapis.com/google.cloud.functions.v2.OperationMetadata","createTime":"2025-12-28T19:21:37.616048987Z","target":"projects/env-uat-cd3c5/locations/us-central1/functions/scheduledUnifiedAutoPost","verb":"update","cancelRequested":false,"apiVersion":"v2","requestResource":{"@type":"type.googleapis.com/google.cloud.functions.v2.Function","name":"projects/env-uat-cd3c5/locations/us-central1/functions/scheduledUnifiedAutoPost","buildConfig":{"runtime":"nodejs22","entryPoint":"scheduledUnifiedAutoPost","source":{"storageSource":{"bucket":"gcf-v2-sources-614576728087-us-central1","object":"scheduledUnifiedAutoPost/function-source.zip","generation":"1766949697553687"}},"environmentVariables":{"GOOGLE_NODE_RUN_SCRIPTS":""},"dockerRepository":"projects/env-uat-cd3c5/locations/us-central1/repositories/gcf-artifacts","sourceProvenance":{"resolvedStorageSource":{"bucket":"gcf-v2-sources-614576728087-us-central1","object":"scheduledUnifiedAutoPost/function-source.zip","generation":"1766938366755688"}},"dockerRegistry":"ARTIFACT_REGISTRY","serviceAccount":"projects/env-uat-cd3c5/serviceAccounts/614576728087-compute@developer.gserviceaccount.com","automaticUpdatePolicy":{}},"serviceConfig":{"service":"projects/env-uat-cd3c5/locations/us-central1/services/scheduledunifiedautopost","timeoutSeconds":540,"environmentVariables":{"FIREBASE_CONFIG":"{\"projectId\":\"env-uat-cd3c5\",\"storageBucket\":\"env-uat-cd3c5.firebasestorage.app\"}","GCLOUD_PROJECT":"env-uat-cd3c5","EVENTARC_CLOUD_EVENT_SOURCE":"projects/env-uat-cd3c5/locations/us-central1/services/scheduledUnifiedAutoPost","FUNCTION_TARGET":"scheduledUnifiedAutoPost","LOG_EXECUTION_ID":"true"},"maxInstanceCount":10,"ingressSettings":"ALLOW_ALL","uri":"https://scheduledunifiedautopost-guoxeox4eq-uc.a.run.app","serviceAccountEmail":"614576728087-compute@developer.gserviceaccount.com","availableMemory":"512Mi","allTrafficOnLatestRevision":true,"revision":"scheduledunifiedautopost-00012-zot","maxInstanceRequestConcurrency":80,"availableCpu":"1"},"state":"ACTIVE","labels":{"deployment-tool":"cli-firebase","deployment-scheduled":"true","firebase-functions-hash":"a715cc245fabb3e408877b47efeeff7689504cde"},"environment":"GEN_2","url":"https://us-central1-env-uat-cd3c5.cloudfunctions.net/scheduledUnifiedAutoPost","satisfiesPzi":true},"stages":[{"name":"BUILD","message":"Build in progress","state":"IN_PROGRESS","resource":"projects/614576728087/locations/us-central1/builds/2e1786d5-e308-4905-9688-849da2865fdd","resourceUri":"https://console.cloud.google.com/cloud-build/builds;region=us-central1/2e1786d5-e308-4905-9688-849da2865fdd?project=614576728087"},{"name":"SERVICE","state":"NOT_STARTED"}],"operationType":"UPDATE_FUNCTION","buildName":"projects/614576728087/locations/us-central1/builds/2e1786d5-e308-4905-9688-849da2865fdd"},"done":false}
[debug] [2025-12-28T19:22:00.415Z] [update-default-us-central1-scheduledUnifiedAutoPost] Retrying task index 0
[debug] [2025-12-28T19:22:00.415Z] Checked if tokens are valid: true, expires at: 1766953259068
[debug] [2025-12-28T19:22:00.415Z] Checked if tokens are valid: true, expires at: 1766953259068
[debug] [2025-12-28T19:22:00.416Z] >>> [apiv2][query] GET https://cloudfunctions.googleapis.com/v2/projects/env-uat-cd3c5/locations/us-central1/operations/operation-1766949696926-6470809057444-988b7b4b-d4e8d798 [none]
[debug] [2025-12-28T19:22:01.728Z] <<< [apiv2][status] GET https://cloudfunctions.googleapis.com/v2/projects/env-uat-cd3c5/locations/us-central1/operations/operation-1766949696926-6470809057444-988b7b4b-d4e8d798 200
[debug] [2025-12-28T19:22:01.729Z] <<< [apiv2][body] GET https://cloudfunctions.googleapis.com/v2/projects/env-uat-cd3c5/locations/us-central1/operations/operation-1766949696926-6470809057444-988b7b4b-d4e8d798 {"name":"projects/env-uat-cd3c5/locations/us-central1/operations/operation-1766949696926-6470809057444-988b7b4b-d4e8d798","metadata":{"@type":"type.googleapis.com/google.cloud.functions.v2.OperationMetadata","createTime":"2025-12-28T19:21:37.616048987Z","target":"projects/env-uat-cd3c5/locations/us-central1/functions/scheduledUnifiedAutoPost","verb":"update","cancelRequested":false,"apiVersion":"v2","requestResource":{"@type":"type.googleapis.com/google.cloud.functions.v2.Function","name":"projects/env-uat-cd3c5/locations/us-central1/functions/scheduledUnifiedAutoPost","buildConfig":{"runtime":"nodejs22","entryPoint":"scheduledUnifiedAutoPost","source":{"storageSource":{"bucket":"gcf-v2-sources-614576728087-us-central1","object":"scheduledUnifiedAutoPost/function-source.zip","generation":"1766949697553687"}},"environmentVariables":{"GOOGLE_NODE_RUN_SCRIPTS":""},"dockerRepository":"projects/env-uat-cd3c5/locations/us-central1/repositories/gcf-artifacts","sourceProvenance":{"resolvedStorageSource":{"bucket":"gcf-v2-sources-614576728087-us-central1","object":"scheduledUnifiedAutoPost/function-source.zip","generation":"1766938366755688"}},"dockerRegistry":"ARTIFACT_REGISTRY","serviceAccount":"projects/env-uat-cd3c5/serviceAccounts/614576728087-compute@developer.gserviceaccount.com","automaticUpdatePolicy":{}},"serviceConfig":{"service":"projects/env-uat-cd3c5/locations/us-central1/services/scheduledunifiedautopost","timeoutSeconds":540,"environmentVariables":{"FIREBASE_CONFIG":"{\"projectId\":\"env-uat-cd3c5\",\"storageBucket\":\"env-uat-cd3c5.firebasestorage.app\"}","GCLOUD_PROJECT":"env-uat-cd3c5","EVENTARC_CLOUD_EVENT_SOURCE":"projects/env-uat-cd3c5/locations/us-central1/services/scheduledUnifiedAutoPost","FUNCTION_TARGET":"scheduledUnifiedAutoPost","LOG_EXECUTION_ID":"true"},"maxInstanceCount":10,"ingressSettings":"ALLOW_ALL","uri":"https://scheduledunifiedautopost-guoxeox4eq-uc.a.run.app","serviceAccountEmail":"614576728087-compute@developer.gserviceaccount.com","availableMemory":"512Mi","allTrafficOnLatestRevision":true,"revision":"scheduledunifiedautopost-00012-zot","maxInstanceRequestConcurrency":80,"availableCpu":"1"},"state":"ACTIVE","labels":{"deployment-tool":"cli-firebase","deployment-scheduled":"true","firebase-functions-hash":"a715cc245fabb3e408877b47efeeff7689504cde"},"environment":"GEN_2","url":"https://us-central1-env-uat-cd3c5.cloudfunctions.net/scheduledUnifiedAutoPost","satisfiesPzi":true},"stages":[{"name":"BUILD","message":"Build in progress","state":"IN_PROGRESS","resource":"projects/614576728087/locations/us-central1/builds/2e1786d5-e308-4905-9688-849da2865fdd","resourceUri":"https://console.cloud.google.com/cloud-build/builds;region=us-central1/2e1786d5-e308-4905-9688-849da2865fdd?project=614576728087"},{"name":"SERVICE","state":"NOT_STARTED"}],"operationType":"UPDATE_FUNCTION","buildName":"projects/614576728087/locations/us-central1/builds/2e1786d5-e308-4905-9688-849da2865fdd"},"done":false}
[debug] [2025-12-28T19:22:11.731Z] [update-default-us-central1-scheduledUnifiedAutoPost] Retrying task index 0
[debug] [2025-12-28T19:22:11.731Z] Checked if tokens are valid: true, expires at: 1766953259068
[debug] [2025-12-28T19:22:11.731Z] Checked if tokens are valid: true, expires at: 1766953259068
[debug] [2025-12-28T19:22:11.731Z] >>> [apiv2][query] GET https://cloudfunctions.googleapis.com/v2/projects/env-uat-cd3c5/locations/us-central1/operations/operation-1766949696926-6470809057444-988b7b4b-d4e8d798 [none]
[debug] [2025-12-28T19:22:13.026Z] <<< [apiv2][status] GET https://cloudfunctions.googleapis.com/v2/projects/env-uat-cd3c5/locations/us-central1/operations/operation-1766949696926-6470809057444-988b7b4b-d4e8d798 200
[debug] [2025-12-28T19:22:13.026Z] <<< [apiv2][body] GET https://cloudfunctions.googleapis.com/v2/projects/env-uat-cd3c5/locations/us-central1/operations/operation-1766949696926-6470809057444-988b7b4b-d4e8d798 {"name":"projects/env-uat-cd3c5/locations/us-central1/operations/operation-1766949696926-6470809057444-988b7b4b-d4e8d798","metadata":{"@type":"type.googleapis.com/google.cloud.functions.v2.OperationMetadata","createTime":"2025-12-28T19:21:37.616048987Z","target":"projects/env-uat-cd3c5/locations/us-central1/functions/scheduledUnifiedAutoPost","verb":"update","cancelRequested":false,"apiVersion":"v2","requestResource":{"@type":"type.googleapis.com/google.cloud.functions.v2.Function","name":"projects/env-uat-cd3c5/locations/us-central1/functions/scheduledUnifiedAutoPost","buildConfig":{"runtime":"nodejs22","entryPoint":"scheduledUnifiedAutoPost","source":{"storageSource":{"bucket":"gcf-v2-sources-614576728087-us-central1","object":"scheduledUnifiedAutoPost/function-source.zip","generation":"1766949697553687"}},"environmentVariables":{"GOOGLE_NODE_RUN_SCRIPTS":""},"dockerRepository":"projects/env-uat-cd3c5/locations/us-central1/repositories/gcf-artifacts","sourceProvenance":{"resolvedStorageSource":{"bucket":"gcf-v2-sources-614576728087-us-central1","object":"scheduledUnifiedAutoPost/function-source.zip","generation":"1766938366755688"}},"dockerRegistry":"ARTIFACT_REGISTRY","serviceAccount":"projects/env-uat-cd3c5/serviceAccounts/614576728087-compute@developer.gserviceaccount.com","automaticUpdatePolicy":{}},"serviceConfig":{"service":"projects/env-uat-cd3c5/locations/us-central1/services/scheduledunifiedautopost","timeoutSeconds":540,"environmentVariables":{"FIREBASE_CONFIG":"{\"projectId\":\"env-uat-cd3c5\",\"storageBucket\":\"env-uat-cd3c5.firebasestorage.app\"}","GCLOUD_PROJECT":"env-uat-cd3c5","EVENTARC_CLOUD_EVENT_SOURCE":"projects/env-uat-cd3c5/locations/us-central1/services/scheduledUnifiedAutoPost","FUNCTION_TARGET":"scheduledUnifiedAutoPost","LOG_EXECUTION_ID":"true"},"maxInstanceCount":10,"ingressSettings":"ALLOW_ALL","uri":"https://scheduledunifiedautopost-guoxeox4eq-uc.a.run.app","serviceAccountEmail":"614576728087-compute@developer.gserviceaccount.com","availableMemory":"512Mi","allTrafficOnLatestRevision":true,"revision":"scheduledunifiedautopost-00012-zot","maxInstanceRequestConcurrency":80,"availableCpu":"1"},"state":"ACTIVE","labels":{"deployment-tool":"cli-firebase","deployment-scheduled":"true","firebase-functions-hash":"a715cc245fabb3e408877b47efeeff7689504cde"},"environment":"GEN_2","url":"https://us-central1-env-uat-cd3c5.cloudfunctions.net/scheduledUnifiedAutoPost","satisfiesPzi":true},"stages":[{"name":"BUILD","message":"Build in progress","state":"IN_PROGRESS","resource":"projects/614576728087/locations/us-central1/builds/2e1786d5-e308-4905-9688-849da2865fdd","resourceUri":"https://console.cloud.google.com/cloud-build/builds;region=us-central1/2e1786d5-e308-4905-9688-849da2865fdd?project=614576728087"},{"name":"SERVICE","state":"NOT_STARTED"}],"operationType":"UPDATE_FUNCTION","buildName":"projects/614576728087/locations/us-central1/builds/2e1786d5-e308-4905-9688-849da2865fdd"},"done":false}
